TN:
SF:server/app.js
FN:13,(anonymous_0)
FN:20,(anonymous_1)
FN:32,(anonymous_2)
FNF:3
FNH:3
FNDA:2,(anonymous_0)
FNDA:1,(anonymous_1)
FNDA:1,(anonymous_2)
DA:1,1
DA:2,1
DA:3,1
DA:4,1
DA:5,1
DA:8,1
DA:11,1
DA:13,1
DA:15,2
DA:20,1
DA:21,1
DA:22,1
DA:23,1
DA:30,1
DA:32,1
DA:33,1
DA:37,1
LF:17
LH:17
BRF:0
BRH:0
end_of_record
TN:
SF:server/controllers/posts_controller.js
FN:3,(anonymous_0)
FN:7,(anonymous_1)
FN:15,(anonymous_2)
FN:26,(anonymous_3)
FN:31,(anonymous_4)
FNF:5
FNH:4
FNDA:1,(anonymous_0)
FNDA:0,(anonymous_1)
FNDA:1,(anonymous_2)
FNDA:1,(anonymous_3)
FNDA:1,(anonymous_4)
DA:1,1
DA:3,1
DA:4,1
DA:7,1
DA:8,0
DA:9,0
DA:11,0
DA:12,0
DA:15,1
DA:16,1
DA:17,1
DA:18,1
DA:19,1
DA:21,0
DA:22,0
DA:26,1
DA:27,1
DA:28,1
DA:31,1
DA:32,1
DA:33,1
DA:34,1
DA:35,1
DA:37,0
DA:38,0
DA:42,1
LF:26
LH:18
BRDA:9,0,0,0
BRDA:9,0,1,0
BRDA:17,1,0,1
BRDA:17,1,1,0
BRDA:33,2,0,1
BRDA:33,2,1,0
BRF:6
BRH:2
end_of_record
TN:
SF:server/routes/post_routes.js
FNF:0
FNH:0
DA:1,1
DA:2,1
DA:3,1
DA:8,1
DA:13,1
DA:15,1
DA:16,1
DA:17,1
DA:19,1
LF:9
LH:9
BRF:0
BRH:0
end_of_record
TN:
SF:server/utils/utilities.js
FN:5,(anonymous_0)
FN:9,(anonymous_1)
FN:14,(anonymous_2)
FN:37,(anonymous_3)
FN:46,getNextId
FN:54,(anonymous_5)
FN:74,loadData
FN:78,(anonymous_7)
FNF:8
FNH:8
FNDA:4,(anonymous_0)
FNDA:1,(anonymous_1)
FNDA:3,(anonymous_2)
FNDA:2,(anonymous_3)
FNDA:3,getNextId
FNDA:2,(anonymous_5)
FNDA:7,loadData
FNDA:7,(anonymous_7)
DA:1,2
DA:2,2
DA:3,2
DA:5,2
DA:6,4
DA:9,2
DA:10,1
DA:11,1
DA:12,0
DA:14,2
DA:15,3
DA:16,3
DA:17,3
DA:25,3
DA:27,3
DA:28,3
DA:31,0
DA:32,0
DA:33,0
DA:37,2
DA:38,2
DA:39,1
DA:40,1
DA:42,2
DA:47,3
DA:48,3
DA:51,3
DA:54,2
DA:55,2
DA:56,2
DA:57,2
DA:58,2
DA:59,2
DA:60,2
DA:63,2
DA:64,2
DA:65,2
DA:67,0
DA:68,0
DA:75,7
DA:78,2
DA:81,7
DA:84,2
LF:43
LH:37
BRDA:11,0,0,1
BRDA:11,0,1,0
BRDA:23,1,0,3
BRDA:23,1,1,3
BRDA:38,2,0,1
BRDA:38,2,1,1
BRDA:48,3,0,3
BRDA:48,3,1,0
BRDA:57,4,0,0
BRDA:57,4,1,2
BRDA:60,5,0,0
BRDA:60,5,1,2
BRF:12
BRH:8
end_of_record
